<?xml version="1.0" encoding="utf-8"?><testsuites name="pytest tests"><testsuite name="pytest" errors="0" failures="0" skipped="0" tests="7" time="2.352" timestamp="2026-07-20T05:00:34.600880+00:00" hostname="agent-env-275b90fe-7c89-44f2-bb67-165d0c54e5f0"><testcase classname="tests.test_iteration_35_fmp.TestInvoiceNumbering" name="test_next_number_floor" time="0.515" /><testcase classname="tests.test_iteration_35_fmp.TestInvoiceNumbering" name="test_create_invoice_gets_number_and_advances" time="0.154" /><testcase classname="tests.test_iteration_35_fmp.TestSettingsRate" name="test_public_settings_has_usd_to_dop" time="0.071" /><testcase classname="tests.test_iteration_35_fmp.TestSettingsRate" name="test_put_settings_persists_rate" time="0.272" /><testcase classname="tests.test_iteration_35_fmp.TestClaimPacketFMP" name="test_cover_fields_persist" time="0.114" /><testcase classname="tests.test_iteration_35_fmp.TestClaimPacketFMP" name="test_item_category_persists" time="0.158" /><testcase classname="tests.test_iteration_35_fmp.TestClaimPacketFMP" name="test_merged_pdf_structure" time="1.001" /></testsuite></testsuites>