<?xml version="1.0" encoding="utf-8"?><testsuites name="pytest tests"><testsuite name="pytest" errors="0" failures="0" skipped="0" tests="19" time="4.343" timestamp="2026-08-18T00:00:03.507020+00:00" hostname="agent-env-275b90fe-7c89-44f2-bb67-165d0c54e5f0"><testcase classname="tests.test_claim_invoice_linkage" name="test_invoice_created_after_claim_is_related_by_patient_and_service_date" time="0.000" /><testcase classname="tests.test_claim_invoice_linkage" name="test_invoice_created_before_claim_is_related_by_patient_and_service_date" time="0.000" /><testcase classname="tests.test_claim_invoice_linkage" name="test_explicit_invoice_link_wins_over_another_invoice_on_the_same_day" time="0.000" /><testcase classname="tests.test_claim_invoice_linkage" name="test_unrelated_patient_or_date_does_not_populate_claim_summary" time="0.000" /><testcase classname="tests.test_claim_invoice_linkage" name="test_later_invoice_auto_links_an_existing_completed_claim" time="0.000" /><testcase classname="tests.test_claim_invoice_linkage" name="test_patient_folder_uses_selected_claim_session_date" time="0.000" /><testcase classname="tests.test_claim_invoice_linkage" name="test_payment_recipient_reads_checked_cover_sheet_field_without_guessing_blank" time="0.000" /><testcase classname="tests.test_claim_invoice_linkage" name="test_progress_note_review_codes_preserve_values_and_expose_absence" time="0.000" /><testcase classname="tests.test_claim_invoice_linkage" name="test_claim_summary_preserves_saved_invoice_codes_and_line_items" time="0.000" /><testcase classname="tests.test_invoice_numbers" name="test_legacy_high_number_does_not_move_active_sequence" time="0.000" /><testcase classname="tests.test_invoice_numbers" name="test_sequence_advances_after_expected_number_is_used" time="0.000" /><testcase classname="tests.test_invoice_numbers" name="test_configured_base_is_used_when_available" time="0.000" /><testcase classname="tests.test_invoice_numbers" name="test_invalid_invoice_numbers_are_ignored" time="0.000" /><testcase classname="tests.test_iteration_40" name="test_admin_login_returns_admin_role" time="0.406" /><testcase classname="tests.test_iteration_40" name="test_seq_base_and_next_number_endpoints" time="0.098" /><testcase classname="tests.test_iteration_40" name="test_stray_high_legacy_invoice_does_not_drive_next_number" time="0.250" /><testcase classname="tests.test_iteration_40" name="test_upload_provider_diploma_and_exequatur" time="1.161" /><testcase classname="tests.test_iteration_40" name="test_claim_from_date_auto_attaches_provider_credentials_once" time="2.034" /><testcase classname="tests.test_iteration_40" name="test_notes_list_returns_icd10_and_cpt" time="0.061" /></testsuite></testsuites>