<?xml version="1.0" encoding="utf-8"?><testsuites name="pytest tests"><testsuite name="pytest" errors="0" failures="0" skipped="0" tests="15" time="3.536" timestamp="2026-07-13T03:01:14.582394+00:00" hostname="agent-env-275b90fe-7c89-44f2-bb67-165d0c54e5f0"><testcase classname="tests.test_iter19_notes_billing_sms.TestNotesForBilling" name="test_biller_can_fetch" time="2.224" /><testcase classname="tests.test_iter19_notes_billing_sms.TestNotesForBilling" name="test_receptionist_can_fetch" time="0.071" /><testcase classname="tests.test_iter19_notes_billing_sms.TestSendSms" name="test_unconfigured_returns_configured_false" time="2.299" /><testcase classname="tests.test_iter19_notes_billing_sms.TestNotesForBilling" name="test_admin_can_fetch" time="0.068" /><testcase classname="tests.test_iter19_notes_billing_sms.TestSendSms" name="test_biller_role_allowed" time="0.069" /><testcase classname="tests.test_iter19_notes_billing_sms.TestNotesForBilling" name="test_doctor_forbidden" time="0.094" /><testcase classname="tests.test_iter19_notes_billing_sms.TestSendSms" name="test_receptionist_allowed" time="0.144" /><testcase classname="tests.test_iter19_notes_billing_sms.TestNotesForBilling" name="test_unauthenticated" time="0.075" /><testcase classname="tests.test_iter19_notes_billing_sms.TestSendSms" name="test_admin_forbidden" time="0.086" /><testcase classname="tests.test_iter19_notes_billing_sms.TestNotesForBilling" name="test_patient_with_no_notes_returns_empty" time="0.111" /><testcase classname="tests.test_iter19_notes_billing_sms.TestSendSms" name="test_nonexistent_form_404" time="0.114" /><testcase classname="tests.test_iter19_notes_billing_sms.TestRegression" name="test_invoice_creation_manual" time="0.237" /><testcase classname="tests.test_iter19_notes_billing_sms.TestSendSms" name="test_unauthenticated" time="0.080" /><testcase classname="tests.test_iter19_notes_billing_sms.TestRegression" name="test_forms_list_still_works" time="0.102" /><testcase classname="tests.test_iter19_notes_billing_sms.TestRegression" name="test_claim_packets_intact" time="0.065" /></testsuite></testsuites>