<?xml version="1.0" encoding="utf-8"?><testsuites name="pytest tests"><testsuite name="pytest" errors="0" failures="0" skipped="0" tests="238" time="58.021" timestamp="2026-07-13T02:34:35.577096+00:00" hostname="agent-env-275b90fe-7c89-44f2-bb67-165d0c54e5f0"><testcase classname="tests.backend_test" name="test_login_all_roles[doctor]" time="0.332" /><testcase classname="tests.backend_test" name="test_login_all_roles[nurse]" time="0.294" /><testcase classname="tests.backend_test" name="test_login_all_roles[psychologist]" time="0.297" /><testcase classname="tests.backend_test" name="test_login_all_roles[receptionist]" time="0.288" /><testcase classname="tests.backend_test" name="test_login_all_roles[biller]" time="0.299" /><testcase classname="tests.backend_test" name="test_login_all_roles[admin]" time="0.299" /><testcase classname="tests.backend_test" name="test_login_invalid" time="0.073" /><testcase classname="tests.backend_test" name="test_auth_me" time="0.405" /><testcase classname="tests.backend_test" name="test_auth_me_no_token" time="0.066" /><testcase classname="tests.backend_test" name="test_create_patient_receptionist" time="0.385" /><testcase classname="tests.backend_test" name="test_list_patients" time="0.072" /><testcase classname="tests.backend_test" name="test_search_patients" time="0.066" /><testcase classname="tests.backend_test" name="test_update_patient" time="0.093" /><testcase classname="tests.backend_test" name="test_biller_cannot_create_patient" time="0.380" /><testcase classname="tests.backend_test" name="test_create_appointment" time="0.078" /><testcase classname="tests.backend_test" name="test_list_appointments_has_patient_name" time="0.069" /><testcase classname="tests.backend_test" name="test_create_note_doctor" time="0.070" /><testcase classname="tests.backend_test" name="test_receptionist_cannot_create_note" time="0.078" /><testcase classname="tests.backend_test" name="test_summarize_note_success" time="2.640" /><testcase classname="tests.backend_test" name="test_summarize_note_forbidden_for_biller" time="0.083" /><testcase classname="tests.backend_test" name="test_cpt_codes" time="0.077" /><testcase classname="tests.backend_test" name="test_create_invoice_biller" time="0.070" /><testcase classname="tests.backend_test" name="test_mark_invoice_paid" time="0.069" /><testcase classname="tests.backend_test" name="test_create_form" time="0.079" /><testcase classname="tests.backend_test" name="test_public_get_form_unauth" time="0.081" /><testcase classname="tests.backend_test" name="test_public_get_form_bad_token" time="0.082" /><testcase classname="tests.backend_test" name="test_public_submit_form_unauth" time="0.075" /><testcase classname="tests.backend_test" name="test_public_submit_resubmit_blocked" time="0.081" /><testcase classname="tests.backend_test" name="test_form_status_received_after_submit" time="0.101" /><testcase classname="tests.backend_test" name="test_list_forms_has_patient_name" time="0.092" /><testcase classname="tests.backend_test" name="test_mark_form_received" time="0.070" /><testcase classname="tests.backend_test" name="test_send_message" time="0.374" /><testcase classname="tests.backend_test" name="test_recipient_inbox" time="0.061" /><testcase classname="tests.backend_test" name="test_mark_message_read" time="0.079" /><testcase classname="tests.backend_test" name="test_stats" time="0.361" /><testcase classname="tests.backend_test" name="test_zz_delete_patient" time="0.131" /><testcase classname="tests.backend_test" name="test_zz_delete_appointment" time="0.084" /><testcase classname="tests.backend_test" name="test_notes_get_forbidden_biller" time="0.073" /><testcase classname="tests.backend_test" name="test_notes_get_forbidden_receptionist" time="0.081" /><testcase classname="tests.backend_test" name="test_notes_get_allowed_clinical" time="0.249" /><testcase classname="tests.backend_test" name="test_admin_old_password_rejected" time="0.297" /><testcase classname="tests.backend_test" name="test_regex_dos_safe" time="0.131" /><testcase classname="tests.backend_test" name="test_invoice_status_invalid_400" time="0.371" /><testcase classname="tests.backend_test" name="test_form_status_invalid_400" time="0.372" /><testcase classname="tests.backend_test" name="test_message_read_non_recipient_404" time="0.219" /><testcase classname="tests.backend_test" name="test_brute_force_lockout_returns_429" time="0.430" /><testcase classname="tests.backend_test" name="test_different_account_still_logs_in_after_lockout" time="0.306" /><testcase classname="tests.backend_test" name="test_cpt_list_seeded" time="0.065" /><testcase classname="tests.backend_test" name="test_cpt_create_biller" time="0.070" /><testcase classname="tests.backend_test" name="test_cpt_create_duplicate_400" time="0.065" /><testcase classname="tests.backend_test" name="test_cpt_create_forbidden_doctor" time="0.077" /><testcase classname="tests.backend_test" name="test_cpt_create_forbidden_receptionist" time="0.067" /><testcase classname="tests.backend_test" name="test_cpt_edit" time="0.156" /><testcase classname="tests.backend_test" name="test_cpt_delete" time="0.133" /><testcase classname="tests.backend_test" name="test_psychologist_login_and_tabs" time="0.302" /><testcase classname="tests.backend_test" name="test_psychologist_can_create_note" time="0.493" /><testcase classname="tests.backend_test" name="test_psychologist_can_create_appointment" time="0.214" /><testcase classname="tests.backend_test" name="test_meta_tabs_admin_only" time="0.144" /><testcase classname="tests.backend_test" name="test_admin_create_user_and_update_tabs" time="0.449" /><testcase classname="tests.backend_test" name="test_user_login_shows_updated_tabs" time="0.299" /><testcase classname="tests.backend_test" name="test_admin_delete_user" time="0.132" /><testcase classname="tests.backend_test" name="test_non_admin_cannot_update_tabs" time="0.065" /><testcase classname="tests.backend_test" name="test_reports_biller_ok" time="0.063" /><testcase classname="tests.backend_test" name="test_reports_admin_ok" time="0.067" /><testcase classname="tests.backend_test" name="test_reports_forbidden_doctor" time="0.073" /><testcase classname="tests.backend_test" name="test_reports_forbidden_receptionist" time="0.076" /><testcase classname="tests.backend_test" name="test_reports_date_filter" time="0.068" /><testcase classname="tests.backend_test" name="test_reports_export_csv" time="0.067" /><testcase classname="tests.backend_test" name="test_reports_export_csv_admin" time="0.071" /><testcase classname="tests.backend_test" name="test_reports_export_missing_auth_401" time="0.074" /><testcase classname="tests.backend_test" name="test_reports_export_query_token_no_longer_works_401" time="0.080" /><testcase classname="tests.backend_test" name="test_reports_export_wrong_role_403" time="0.086" /><testcase classname="tests.backend_test" name="test_reports_export_receptionist_403" time="0.078" /><testcase classname="tests.backend_test" name="test_upload_form_and_download" time="0.739" /><testcase classname="tests.backend_test" name="test_download_query_token_no_longer_works_401" time="0.093" /><testcase classname="tests.backend_test" name="test_download_missing_auth_401" time="0.074" /><testcase classname="tests.backend_test" name="test_upload_spoofed_content_type_normalized" time="1.190" /><testcase classname="tests.backend_test" name="test_upload_bad_ext_400" time="0.082" /><testcase classname="tests.backend_test" name="test_form_with_external_url" time="0.181" /><testcase classname="tests.backend_test" name="test_admin_edit_user_name_and_email" time="0.842" /><testcase classname="tests.backend_test" name="test_admin_edit_user_duplicate_email_400" time="0.070" /><testcase classname="tests.backend_test" name="test_admin_edit_user_password_reset_login" time="0.583" /><testcase classname="tests.backend_test" name="test_admin_edit_user_short_password_400" time="1.089" /><testcase classname="tests.backend_test" name="test_admin_edit_user_role_change" time="0.088" /><testcase classname="tests.backend_test" name="test_admin_edit_user_invalid_role_400" time="0.083" /><testcase classname="tests.backend_test" name="test_admin_cannot_change_admin_role" time="0.164" /><testcase classname="tests.backend_test" name="test_non_admin_cannot_edit_user" time="0.084" /><testcase classname="tests.backend_test" name="test_zz_delete_edited_user" time="0.084" /><testcase classname="tests.backend_test" name="test_create_form_with_recipient_email_unconfigured" time="0.313" /><testcase classname="tests.backend_test" name="test_create_form_auto_recipient_from_patient_email" time="0.210" /><testcase classname="tests.backend_test" name="test_create_form_without_recipient_no_email_flag" time="0.071" /><testcase classname="tests.backend_test" name="test_create_form_client_link_base_ignored" time="0.287" /><testcase classname="tests.backend_test" name="test_forms_roles_gating_non_forms_role_blocked" time="0.408" /><testcase classname="tests.backend_test" name="test_forms_upload_requires_auth_401" time="0.083" /><testcase classname="tests.backend_test" name="test_forms_create_requires_auth_401" time="0.076" /><testcase classname="tests.backend_test" name="test_forms_status_requires_auth_401" time="0.074" /><testcase classname="tests.backend_test" name="test_note_with_signature_stores_signed_by" time="0.148" /><testcase classname="tests.backend_test" name="test_note_without_signature_still_saves" time="0.105" /><testcase classname="tests.backend_test" name="test_note_signature_too_large_400" time="0.105" /><testcase classname="tests.backend_test" name="test_consent_form_has_signature_field" time="0.165" /><testcase classname="tests.backend_test" name="test_public_submit_consent_with_signature" time="0.331" /><testcase classname="tests.backend_test" name="test_public_submit_signature_too_large_400" time="0.407" /><testcase classname="tests.backend_test" name="test_users_list_non_admin_minimal_fields" time="0.389" /><testcase classname="tests.backend_test" name="test_users_list_admin_full_fields" time="0.066" /><testcase classname="tests.backend_test" name="test_send_email_header_sanitization_no_crash" time="0.397" /><testcase classname="tests.backend_test" name="test_messaging_recipient_dropdown_non_admin" time="0.137" /><testcase classname="tests.backend_test" name="test_all_templates_have_required_signature_field[Intake]" time="0.478" /><testcase classname="tests.backend_test" name="test_all_templates_have_required_signature_field[Consent]" time="0.470" /><testcase classname="tests.backend_test" name="test_all_templates_have_required_signature_field[Medical History]" time="0.469" /><testcase classname="tests.backend_test" name="test_all_templates_have_required_signature_field[Insurance]" time="0.455" /><testcase classname="tests.backend_test" name="test_all_templates_have_required_signature_field[Referral]" time="0.456" /><testcase classname="tests.backend_test" name="test_create_soap_note_builds_content" time="0.231" /><testcase classname="tests.backend_test" name="test_create_free_text_note_original_behavior_preserved" time="2.337" /><testcase classname="tests.backend_test" name="test_create_soap_note_empty_fields_returns_400" time="1.155" /><testcase classname="tests.backend_test" name="test_create_free_note_empty_content_returns_400" time="0.143" /><testcase classname="tests.backend_test" name="test_soap_note_with_signature_signed_by" time="0.147" /><testcase classname="tests.backend_test" name="test_summarize_soap_combined_content" time="1.407" /><testcase classname="tests.backend_test" name="test_biller_still_cannot_create_soap_note" time="0.207" /><testcase classname="tests.backend_test" name="test_public_settings_no_auth" time="1.112" /><testcase classname="tests.backend_test" name="test_settings_authed_any_role" time="0.310" /><testcase classname="tests.backend_test" name="test_settings_put_admin_ok_and_persists" time="0.203" /><testcase classname="tests.backend_test" name="test_settings_put_forbidden_for_receptionist" time="0.065" /><testcase classname="tests.backend_test" name="test_settings_put_forbidden_for_biller" time="0.065" /><testcase classname="tests.backend_test" name="test_settings_put_allowed_for_clinical_and_admin[admin]" time="0.217" /><testcase classname="tests.backend_test" name="test_settings_put_allowed_for_clinical_and_admin[doctor]" time="0.239" /><testcase classname="tests.backend_test" name="test_settings_put_allowed_for_clinical_and_admin[nurse]" time="0.227" /><testcase classname="tests.backend_test" name="test_settings_put_allowed_for_clinical_and_admin[psychologist]" time="0.215" /><testcase classname="tests.backend_test" name="test_settings_put_no_auth_401" time="0.078" /><testcase classname="tests.backend_test" name="test_settings_logo_too_large_400" time="0.120" /><testcase classname="tests.backend_test" name="test_settings_missing_clinic_name_422" time="0.064" /><testcase classname="tests.backend_test" name="test_daily_note_persists_all_fields" time="0.305" /><testcase classname="tests.backend_test" name="test_daily_note_empty_content_rejected" time="0.202" /><testcase classname="tests.backend_test" name="test_invoice_next_number_format" time="0.064" /><testcase classname="tests.backend_test" name="test_invoice_next_number_increments_after_create" time="0.348" /><testcase classname="tests.backend_test" name="test_invoice_total_computes_quantity_times_amount" time="0.217" /><testcase classname="tests.backend_test" name="test_invoice_status_invalid_rejected" time="0.359" /><testcase classname="tests.backend_test" name="test_audit_admin_only_others_forbidden" time="0.370" /><testcase classname="tests.backend_test" name="test_audit_admin_returns_shape" time="0.076" /><testcase classname="tests.backend_test" name="test_audit_login_success_written" time="0.371" /><testcase classname="tests.backend_test" name="test_audit_login_failed_written" time="0.144" /><testcase classname="tests.backend_test" name="test_audit_view_created_on_list" time="0.171" /><testcase classname="tests.backend_test" name="test_audit_create_row_on_patient_create" time="0.228" /><testcase classname="tests.backend_test" name="test_audit_filter_resource_and_pagination" time="0.219" /><testcase classname="tests.backend_test" name="test_audit_filter_date_range" time="0.068" /><testcase classname="tests.backend_test" name="test_invoices_get_forbidden_clinical[doctor]" time="0.072" /><testcase classname="tests.backend_test" name="test_invoices_get_forbidden_clinical[psychologist]" time="0.067" /><testcase classname="tests.backend_test" name="test_invoices_get_allowed_and_no_phi_leak[biller]" time="0.081" /><testcase classname="tests.backend_test" name="test_invoices_get_allowed_and_no_phi_leak[receptionist]" time="0.080" /><testcase classname="tests.backend_test" name="test_forms_get_forbidden_for[psychologist]" time="0.063" /><testcase classname="tests.backend_test" name="test_forms_get_forbidden_for[biller]" time="0.071" /><testcase classname="tests.backend_test" name="test_forms_get_allowed_for[doctor]" time="0.096" /><testcase classname="tests.backend_test" name="test_forms_get_allowed_for[receptionist]" time="0.099" /><testcase classname="tests.backend_test" name="test_forms_get_allowed_for[nurse]" time="0.095" /><testcase classname="tests.backend_test" name="test_forms_get_allowed_for[admin]" time="0.096" /><testcase classname="tests.backend_test" name="test_daily_note_client_supplied_title_persists" time="0.228" /><testcase classname="tests.backend_test" name="test_edit_note_updates_content_and_updated_by" time="0.351" /><testcase classname="tests.backend_test" name="test_edit_note_forbidden_biller" time="0.310" /><testcase classname="tests.backend_test" name="test_edit_note_forbidden_receptionist" time="0.301" /><testcase classname="tests.backend_test" name="test_edit_note_404_missing" time="0.064" /><testcase classname="tests.backend_test" name="test_edit_note_empty_content_400" time="0.283" /><testcase classname="tests.backend_test" name="test_edit_soap_note_rebuilds_content" time="0.287" /><testcase classname="tests.backend_test" name="test_signature_put_and_me_returns_default" time="0.153" /><testcase classname="tests.backend_test" name="test_login_response_includes_default_signature_and_doxy" time="0.310" /><testcase classname="tests.backend_test" name="test_signature_too_large_400" time="0.099" /><testcase classname="tests.backend_test" name="test_signature_clear_empty_ok" time="0.066" /><testcase classname="tests.backend_test" name="test_signature_no_auth_401" time="0.069" /><testcase classname="tests.backend_test" name="test_my_room_valid_slug_saves" time="0.150" /><testcase classname="tests.backend_test" name="test_my_room_strips_doxy_url_prefix" time="0.083" /><testcase classname="tests.backend_test" name="test_my_room_invalid_slug_400" time="0.065" /><testcase classname="tests.backend_test" name="test_my_room_forbidden_biller" time="0.067" /><testcase classname="tests.backend_test" name="test_my_room_forbidden_receptionist" time="0.065" /><testcase classname="tests.backend_test" name="test_my_room_allowed_nurse_psych" time="0.160" /><testcase classname="tests.backend_test" name="test_doxy_invite_success_hashes_pid" time="0.132" /><testcase classname="tests.backend_test" name="test_doxy_invite_forbidden_biller" time="0.067" /><testcase classname="tests.backend_test" name="test_doxy_invite_forbidden_receptionist" time="0.069" /><testcase classname="tests.backend_test" name="test_doxy_invite_no_room_400" time="0.136" /><testcase classname="tests.backend_test" name="test_my_room_empty_clears" time="0.144" /><testcase classname="tests.backend_test" name="test_unified_header_persists_for_all_note_types[free]" time="0.297" /><testcase classname="tests.backend_test" name="test_unified_header_persists_for_all_note_types[soap]" time="0.289" /><testcase classname="tests.backend_test" name="test_unified_header_persists_for_all_note_types[daily]" time="0.292" /><testcase classname="tests.backend_test" name="test_unified_header_persists_for_all_note_types[daily_no_ai]" time="0.293" /><testcase classname="tests.backend_test" name="test_unified_header_persists_on_edit[free]" time="0.300" /><testcase classname="tests.backend_test" name="test_unified_header_persists_on_edit[soap]" time="0.307" /><testcase classname="tests.backend_test" name="test_unified_header_persists_on_edit[daily]" time="0.281" /><testcase classname="tests.backend_test" name="test_unified_header_persists_on_edit[daily_no_ai]" time="0.268" /><testcase classname="tests.backend_test" name="test_daily_no_ai_note_type_accepted" time="0.205" /><testcase classname="tests.backend_test" name="test_note_summary_merged_no_heading_preserved_on_save" time="0.208" /><testcase classname="tests.backend_test" name="test_settings_public_returns_whatsapp_field" time="0.069" /><testcase classname="tests.backend_test" name="test_settings_put_whatsapp_allowed[admin]" time="0.153" /><testcase classname="tests.backend_test" name="test_settings_put_whatsapp_allowed[doctor]" time="0.172" /><testcase classname="tests.backend_test" name="test_settings_put_whatsapp_allowed[nurse]" time="0.136" /><testcase classname="tests.backend_test" name="test_settings_put_whatsapp_allowed[psychologist]" time="0.131" /><testcase classname="tests.backend_test" name="test_settings_put_whatsapp_forbidden[receptionist]" time="0.075" /><testcase classname="tests.backend_test" name="test_settings_put_whatsapp_forbidden[biller]" time="0.068" /><testcase classname="tests.backend_test" name="test_blank_template_download[docx-wordprocessingml-PK]" time="0.120" /><testcase classname="tests.backend_test" name="test_blank_template_download[xlsx-spreadsheetml-PK]" time="0.185" /><testcase classname="tests.backend_test" name="test_blank_template_download[pdf-pdf-%PDF]" time="0.077" /><testcase classname="tests.backend_test" name="test_blank_template_invalid_kind_400" time="0.066" /><testcase classname="tests.backend_test" name="test_blank_template_forms_roles_allowed[doctor]" time="0.076" /><testcase classname="tests.backend_test" name="test_blank_template_forms_roles_allowed[nurse]" time="0.073" /><testcase classname="tests.backend_test" name="test_blank_template_forms_roles_allowed[psychologist]" time="0.074" /><testcase classname="tests.backend_test" name="test_blank_template_forms_roles_allowed[receptionist]" time="0.085" /><testcase classname="tests.backend_test" name="test_blank_template_forms_roles_allowed[biller]" time="0.087" /><testcase classname="tests.backend_test" name="test_blank_template_forms_roles_allowed[admin]" time="0.074" /><testcase classname="tests.backend_test" name="test_blank_template_no_auth_401" time="0.081" /><testcase classname="tests.backend_test" name="test_public_form_get_returns_flags" time="0.271" /><testcase classname="tests.backend_test" name="test_public_upload_back_full_flow" time="1.349" /><testcase classname="tests.backend_test" name="test_public_upload_back_bad_extension_400" time="0.286" /><testcase classname="tests.backend_test" name="test_public_upload_back_too_large_400" time="0.481" /><testcase classname="tests.backend_test" name="test_public_upload_back_bad_token_404" time="0.065" /><testcase classname="tests.backend_test" name="test_claims_list_requires_admin_403_doctor" time="0.064" /><testcase classname="tests.backend_test" name="test_claims_list_requires_admin_403_biller" time="0.064" /><testcase classname="tests.backend_test" name="test_claims_no_auth_401" time="0.068" /><testcase classname="tests.backend_test" name="test_claims_list_admin_ok" time="0.089" /><testcase classname="tests.backend_test" name="test_claim_create_admin" time="0.138" /><testcase classname="tests.backend_test" name="test_claim_create_forbidden_doctor" time="0.088" /><testcase classname="tests.backend_test" name="test_claim_create_invalid_status_400" time="0.077" /><testcase classname="tests.backend_test" name="test_claim_update_admin" time="0.159" /><testcase classname="tests.backend_test" name="test_claim_options_forms_admin" time="2.113" /><testcase classname="tests.backend_test" name="test_claim_options_invoices_admin" time="1.076" /><testcase classname="tests.backend_test" name="test_claim_options_patients_admin" time="0.073" /><testcase classname="tests.backend_test" name="test_claim_options_forbidden_doctor" time="1.092" /><testcase classname="tests.backend_test" name="test_claim_attach_invoice" time="0.557" /><testcase classname="tests.backend_test" name="test_claim_upload_pdf" time="0.417" /><testcase classname="tests.backend_test" name="test_claim_upload_bad_ext_400" time="0.077" /><testcase classname="tests.backend_test" name="test_claim_upload_forbidden_doctor" time="0.072" /><testcase classname="tests.backend_test" name="test_claim_attach_form_no_attachment_400" time="0.067" /><testcase classname="tests.backend_test" name="test_claim_item_download" time="0.276" /><testcase classname="tests.backend_test" name="test_claim_item_download_forbidden_doctor" time="0.080" /><testcase classname="tests.backend_test" name="test_claim_merged_pdf" time="0.574" /><testcase classname="tests.backend_test" name="test_claim_remove_item" time="0.073" /><testcase classname="tests.backend_test" name="test_claim_merged_no_items_400" time="0.217" /><testcase classname="tests.backend_test" name="test_claim_merged_forbidden_doctor" time="0.073" /><testcase classname="tests.backend_test" name="test_claim_get_404" time="0.065" /><testcase classname="tests.backend_test" name="test_claim_doctor_tabs_no_claims" time="0.000" /><testcase classname="tests.backend_test" name="test_claim_admin_tabs_has_claims" time="0.000" /><testcase classname="tests.backend_test" name="test_zz_claim_delete" time="0.153" /><testcase classname="tests.backend_test" name="test_zz_claim_delete_forbidden_doctor" time="0.077" /></testsuite></testsuites>