<?xml version="1.0" encoding="utf-8"?><testsuites name="pytest tests"><testsuite name="pytest" errors="0" failures="0" skipped="0" tests="111" time="26.149" timestamp="2026-07-12T19:20:49.764703+00:00" hostname="agent-env-275b90fe-7c89-44f2-bb67-165d0c54e5f0"><testcase classname="tests.backend_test" name="test_login_all_roles[doctor]" time="0.475" /><testcase classname="tests.backend_test" name="test_login_all_roles[nurse]" time="0.312" /><testcase classname="tests.backend_test" name="test_login_all_roles[psychologist]" time="0.320" /><testcase classname="tests.backend_test" name="test_login_all_roles[receptionist]" time="0.413" /><testcase classname="tests.backend_test" name="test_login_all_roles[biller]" time="0.307" /><testcase classname="tests.backend_test" name="test_login_all_roles[admin]" time="0.299" /><testcase classname="tests.backend_test" name="test_login_invalid" time="0.073" /><testcase classname="tests.backend_test" name="test_auth_me" time="0.404" /><testcase classname="tests.backend_test" name="test_auth_me_no_token" time="0.082" /><testcase classname="tests.backend_test" name="test_create_patient_receptionist" time="0.366" /><testcase classname="tests.backend_test" name="test_list_patients" time="0.084" /><testcase classname="tests.backend_test" name="test_search_patients" time="0.078" /><testcase classname="tests.backend_test" name="test_update_patient" time="0.076" /><testcase classname="tests.backend_test" name="test_biller_cannot_create_patient" time="0.373" /><testcase classname="tests.backend_test" name="test_create_appointment" time="0.073" /><testcase classname="tests.backend_test" name="test_list_appointments_has_patient_name" time="0.072" /><testcase classname="tests.backend_test" name="test_create_note_doctor" time="0.069" /><testcase classname="tests.backend_test" name="test_receptionist_cannot_create_note" time="0.073" /><testcase classname="tests.backend_test" name="test_summarize_note_success" time="1.813" /><testcase classname="tests.backend_test" name="test_summarize_note_forbidden_for_biller" time="0.095" /><testcase classname="tests.backend_test" name="test_cpt_codes" time="0.081" /><testcase classname="tests.backend_test" name="test_create_invoice_biller" time="0.077" /><testcase classname="tests.backend_test" name="test_mark_invoice_paid" time="0.076" /><testcase classname="tests.backend_test" name="test_create_form" time="0.081" /><testcase classname="tests.backend_test" name="test_public_get_form_unauth" time="0.077" /><testcase classname="tests.backend_test" name="test_public_get_form_bad_token" time="0.079" /><testcase classname="tests.backend_test" name="test_public_submit_form_unauth" time="0.084" /><testcase classname="tests.backend_test" name="test_public_submit_resubmit_blocked" time="0.092" /><testcase classname="tests.backend_test" name="test_form_status_received_after_submit" time="0.093" /><testcase classname="tests.backend_test" name="test_list_forms_has_patient_name" time="0.126" /><testcase classname="tests.backend_test" name="test_mark_form_received" time="0.077" /><testcase classname="tests.backend_test" name="test_send_message" time="0.497" /><testcase classname="tests.backend_test" name="test_recipient_inbox" time="0.090" /><testcase classname="tests.backend_test" name="test_mark_message_read" time="0.079" /><testcase classname="tests.backend_test" name="test_stats" time="0.375" /><testcase classname="tests.backend_test" name="test_zz_delete_patient" time="0.151" /><testcase classname="tests.backend_test" name="test_zz_delete_appointment" time="0.079" /><testcase classname="tests.backend_test" name="test_notes_get_forbidden_biller" time="0.084" /><testcase classname="tests.backend_test" name="test_notes_get_forbidden_receptionist" time="0.070" /><testcase classname="tests.backend_test" name="test_notes_get_allowed_clinical" time="0.245" /><testcase classname="tests.backend_test" name="test_admin_old_password_rejected" time="0.290" /><testcase classname="tests.backend_test" name="test_regex_dos_safe" time="0.075" /><testcase classname="tests.backend_test" name="test_invoice_status_invalid_400" time="0.416" /><testcase classname="tests.backend_test" name="test_form_status_invalid_400" time="0.386" /><testcase classname="tests.backend_test" name="test_message_read_non_recipient_404" time="0.239" /><testcase classname="tests.backend_test" name="test_brute_force_lockout_returns_429" time="0.462" /><testcase classname="tests.backend_test" name="test_different_account_still_logs_in_after_lockout" time="0.296" /><testcase classname="tests.backend_test" name="test_cpt_list_seeded" time="0.090" /><testcase classname="tests.backend_test" name="test_cpt_create_biller" time="0.070" /><testcase classname="tests.backend_test" name="test_cpt_create_duplicate_400" time="0.102" /><testcase classname="tests.backend_test" name="test_cpt_create_forbidden_doctor" time="0.069" /><testcase classname="tests.backend_test" name="test_cpt_create_forbidden_receptionist" time="0.076" /><testcase classname="tests.backend_test" name="test_cpt_edit" time="0.162" /><testcase classname="tests.backend_test" name="test_cpt_delete" time="0.170" /><testcase classname="tests.backend_test" name="test_psychologist_login_and_tabs" time="0.307" /><testcase classname="tests.backend_test" name="test_psychologist_can_create_note" time="0.555" /><testcase classname="tests.backend_test" name="test_psychologist_can_create_appointment" time="0.216" /><testcase classname="tests.backend_test" name="test_meta_tabs_admin_only" time="0.172" /><testcase classname="tests.backend_test" name="test_admin_create_user_and_update_tabs" time="0.474" /><testcase classname="tests.backend_test" name="test_user_login_shows_updated_tabs" time="0.304" /><testcase classname="tests.backend_test" name="test_admin_delete_user" time="0.145" /><testcase classname="tests.backend_test" name="test_non_admin_cannot_update_tabs" time="0.105" /><testcase classname="tests.backend_test" name="test_reports_biller_ok" time="0.079" /><testcase classname="tests.backend_test" name="test_reports_admin_ok" time="0.095" /><testcase classname="tests.backend_test" name="test_reports_forbidden_doctor" time="0.077" /><testcase classname="tests.backend_test" name="test_reports_forbidden_receptionist" time="0.071" /><testcase classname="tests.backend_test" name="test_reports_date_filter" time="0.078" /><testcase classname="tests.backend_test" name="test_reports_export_csv" time="0.092" /><testcase classname="tests.backend_test" name="test_reports_export_csv_admin" time="0.079" /><testcase classname="tests.backend_test" name="test_reports_export_missing_auth_401" time="0.092" /><testcase classname="tests.backend_test" name="test_reports_export_query_token_no_longer_works_401" time="0.093" /><testcase classname="tests.backend_test" name="test_reports_export_wrong_role_403" time="0.080" /><testcase classname="tests.backend_test" name="test_reports_export_receptionist_403" time="0.093" /><testcase classname="tests.backend_test" name="test_upload_form_and_download" time="0.816" /><testcase classname="tests.backend_test" name="test_download_query_token_no_longer_works_401" time="0.081" /><testcase classname="tests.backend_test" name="test_download_missing_auth_401" time="0.075" /><testcase classname="tests.backend_test" name="test_upload_spoofed_content_type_normalized" time="0.817" /><testcase classname="tests.backend_test" name="test_upload_bad_ext_400" time="0.089" /><testcase classname="tests.backend_test" name="test_form_with_external_url" time="0.185" /><testcase classname="tests.backend_test" name="test_admin_edit_user_name_and_email" time="0.876" /><testcase classname="tests.backend_test" name="test_admin_edit_user_duplicate_email_400" time="0.081" /><testcase classname="tests.backend_test" name="test_admin_edit_user_password_reset_login" time="0.593" /><testcase classname="tests.backend_test" name="test_admin_edit_user_short_password_400" time="0.075" /><testcase classname="tests.backend_test" name="test_admin_edit_user_role_change" time="0.078" /><testcase classname="tests.backend_test" name="test_admin_edit_user_invalid_role_400" time="0.074" /><testcase classname="tests.backend_test" name="test_admin_cannot_change_admin_role" time="0.180" /><testcase classname="tests.backend_test" name="test_non_admin_cannot_edit_user" time="0.091" /><testcase classname="tests.backend_test" name="test_zz_delete_edited_user" time="0.097" /><testcase classname="tests.backend_test" name="test_create_form_with_recipient_email_unconfigured" time="0.298" /><testcase classname="tests.backend_test" name="test_create_form_auto_recipient_from_patient_email" time="0.236" /><testcase classname="tests.backend_test" name="test_create_form_without_recipient_no_email_flag" time="0.071" /><testcase classname="tests.backend_test" name="test_create_form_client_link_base_ignored" time="0.329" /><testcase classname="tests.backend_test" name="test_forms_roles_gating_non_forms_role_blocked" time="0.524" /><testcase classname="tests.backend_test" name="test_forms_upload_requires_auth_401" time="0.081" /><testcase classname="tests.backend_test" name="test_forms_create_requires_auth_401" time="0.072" /><testcase classname="tests.backend_test" name="test_forms_status_requires_auth_401" time="0.072" /><testcase classname="tests.backend_test" name="test_note_with_signature_stores_signed_by" time="0.153" /><testcase classname="tests.backend_test" name="test_note_without_signature_still_saves" time="0.091" /><testcase classname="tests.backend_test" name="test_note_signature_too_large_400" time="0.112" /><testcase classname="tests.backend_test" name="test_consent_form_has_signature_field" time="0.210" /><testcase classname="tests.backend_test" name="test_public_submit_consent_with_signature" time="0.383" /><testcase classname="tests.backend_test" name="test_public_submit_signature_too_large_400" time="0.477" /><testcase classname="tests.backend_test" name="test_users_list_non_admin_minimal_fields" time="0.405" /><testcase classname="tests.backend_test" name="test_users_list_admin_full_fields" time="0.076" /><testcase classname="tests.backend_test" name="test_send_email_header_sanitization_no_crash" time="0.385" /><testcase classname="tests.backend_test" name="test_messaging_recipient_dropdown_non_admin" time="0.160" /><testcase classname="tests.backend_test" name="test_all_templates_have_required_signature_field[Intake]" time="0.449" /><testcase classname="tests.backend_test" name="test_all_templates_have_required_signature_field[Consent]" time="0.490" /><testcase classname="tests.backend_test" name="test_all_templates_have_required_signature_field[Medical History]" time="0.500" /><testcase classname="tests.backend_test" name="test_all_templates_have_required_signature_field[Insurance]" time="0.507" /><testcase classname="tests.backend_test" name="test_all_templates_have_required_signature_field[Referral]" time="0.473" /></testsuite></testsuites>