<?xml version="1.0" encoding="utf-8"?><testsuites name="pytest tests"><testsuite name="pytest" errors="0" failures="0" skipped="0" tests="132" time="35.628" timestamp="2026-07-12T23:05:23.202500+00:00" hostname="agent-env-275b90fe-7c89-44f2-bb67-165d0c54e5f0"><testcase classname="tests.backend_test" name="test_login_all_roles[doctor]" time="0.370" /><testcase classname="tests.backend_test" name="test_login_all_roles[nurse]" time="0.408" /><testcase classname="tests.backend_test" name="test_login_all_roles[psychologist]" time="0.318" /><testcase classname="tests.backend_test" name="test_login_all_roles[receptionist]" time="0.316" /><testcase classname="tests.backend_test" name="test_login_all_roles[biller]" time="0.304" /><testcase classname="tests.backend_test" name="test_login_all_roles[admin]" time="0.300" /><testcase classname="tests.backend_test" name="test_login_invalid" time="0.092" /><testcase classname="tests.backend_test" name="test_auth_me" time="0.387" /><testcase classname="tests.backend_test" name="test_auth_me_no_token" time="0.083" /><testcase classname="tests.backend_test" name="test_create_patient_receptionist" time="0.390" /><testcase classname="tests.backend_test" name="test_list_patients" time="0.081" /><testcase classname="tests.backend_test" name="test_search_patients" time="0.083" /><testcase classname="tests.backend_test" name="test_update_patient" time="0.077" /><testcase classname="tests.backend_test" name="test_biller_cannot_create_patient" time="0.378" /><testcase classname="tests.backend_test" name="test_create_appointment" time="0.077" /><testcase classname="tests.backend_test" name="test_list_appointments_has_patient_name" time="0.078" /><testcase classname="tests.backend_test" name="test_create_note_doctor" time="0.076" /><testcase classname="tests.backend_test" name="test_receptionist_cannot_create_note" time="0.067" /><testcase classname="tests.backend_test" name="test_summarize_note_success" time="2.171" /><testcase classname="tests.backend_test" name="test_summarize_note_forbidden_for_biller" time="0.105" /><testcase classname="tests.backend_test" name="test_cpt_codes" time="0.087" /><testcase classname="tests.backend_test" name="test_create_invoice_biller" time="0.077" /><testcase classname="tests.backend_test" name="test_mark_invoice_paid" time="0.070" /><testcase classname="tests.backend_test" name="test_create_form" time="0.089" /><testcase classname="tests.backend_test" name="test_public_get_form_unauth" time="0.091" /><testcase classname="tests.backend_test" name="test_public_get_form_bad_token" time="0.072" /><testcase classname="tests.backend_test" name="test_public_submit_form_unauth" time="0.075" /><testcase classname="tests.backend_test" name="test_public_submit_resubmit_blocked" time="0.090" /><testcase classname="tests.backend_test" name="test_form_status_received_after_submit" time="0.093" /><testcase classname="tests.backend_test" name="test_list_forms_has_patient_name" time="0.079" /><testcase classname="tests.backend_test" name="test_mark_form_received" time="0.072" /><testcase classname="tests.backend_test" name="test_send_message" time="0.371" /><testcase classname="tests.backend_test" name="test_recipient_inbox" time="0.089" /><testcase classname="tests.backend_test" name="test_mark_message_read" time="0.073" /><testcase classname="tests.backend_test" name="test_stats" time="0.367" /><testcase classname="tests.backend_test" name="test_zz_delete_patient" time="0.144" /><testcase classname="tests.backend_test" name="test_zz_delete_appointment" time="0.083" /><testcase classname="tests.backend_test" name="test_notes_get_forbidden_biller" time="0.067" /><testcase classname="tests.backend_test" name="test_notes_get_forbidden_receptionist" time="0.068" /><testcase classname="tests.backend_test" name="test_notes_get_allowed_clinical" time="0.234" /><testcase classname="tests.backend_test" name="test_admin_old_password_rejected" time="0.295" /><testcase classname="tests.backend_test" name="test_regex_dos_safe" time="0.080" /><testcase classname="tests.backend_test" name="test_invoice_status_invalid_400" time="0.392" /><testcase classname="tests.backend_test" name="test_form_status_invalid_400" time="0.361" /><testcase classname="tests.backend_test" name="test_message_read_non_recipient_404" time="0.275" /><testcase classname="tests.backend_test" name="test_brute_force_lockout_returns_429" time="0.491" /><testcase classname="tests.backend_test" name="test_different_account_still_logs_in_after_lockout" time="0.308" /><testcase classname="tests.backend_test" name="test_cpt_list_seeded" time="0.074" /><testcase classname="tests.backend_test" name="test_cpt_create_biller" time="0.082" /><testcase classname="tests.backend_test" name="test_cpt_create_duplicate_400" time="0.070" /><testcase classname="tests.backend_test" name="test_cpt_create_forbidden_doctor" time="0.083" /><testcase classname="tests.backend_test" name="test_cpt_create_forbidden_receptionist" time="0.083" /><testcase classname="tests.backend_test" name="test_cpt_edit" time="0.159" /><testcase classname="tests.backend_test" name="test_cpt_delete" time="0.162" /><testcase classname="tests.backend_test" name="test_psychologist_login_and_tabs" time="0.293" /><testcase classname="tests.backend_test" name="test_psychologist_can_create_note" time="0.517" /><testcase classname="tests.backend_test" name="test_psychologist_can_create_appointment" time="0.224" /><testcase classname="tests.backend_test" name="test_meta_tabs_admin_only" time="0.173" /><testcase classname="tests.backend_test" name="test_admin_create_user_and_update_tabs" time="0.478" /><testcase classname="tests.backend_test" name="test_user_login_shows_updated_tabs" time="0.304" /><testcase classname="tests.backend_test" name="test_admin_delete_user" time="0.149" /><testcase classname="tests.backend_test" name="test_non_admin_cannot_update_tabs" time="0.069" /><testcase classname="tests.backend_test" name="test_reports_biller_ok" time="0.074" /><testcase classname="tests.backend_test" name="test_reports_admin_ok" time="0.066" /><testcase classname="tests.backend_test" name="test_reports_forbidden_doctor" time="0.070" /><testcase classname="tests.backend_test" name="test_reports_forbidden_receptionist" time="0.084" /><testcase classname="tests.backend_test" name="test_reports_date_filter" time="0.071" /><testcase classname="tests.backend_test" name="test_reports_export_csv" time="0.095" /><testcase classname="tests.backend_test" name="test_reports_export_csv_admin" time="0.069" /><testcase classname="tests.backend_test" name="test_reports_export_missing_auth_401" time="0.076" /><testcase classname="tests.backend_test" name="test_reports_export_query_token_no_longer_works_401" time="0.067" /><testcase classname="tests.backend_test" name="test_reports_export_wrong_role_403" time="0.073" /><testcase classname="tests.backend_test" name="test_reports_export_receptionist_403" time="0.078" /><testcase classname="tests.backend_test" name="test_upload_form_and_download" time="0.778" /><testcase classname="tests.backend_test" name="test_download_query_token_no_longer_works_401" time="0.083" /><testcase classname="tests.backend_test" name="test_download_missing_auth_401" time="0.071" /><testcase classname="tests.backend_test" name="test_upload_spoofed_content_type_normalized" time="0.768" /><testcase classname="tests.backend_test" name="test_upload_bad_ext_400" time="0.091" /><testcase classname="tests.backend_test" name="test_form_with_external_url" time="0.173" /><testcase classname="tests.backend_test" name="test_admin_edit_user_name_and_email" time="0.814" /><testcase classname="tests.backend_test" name="test_admin_edit_user_duplicate_email_400" time="0.072" /><testcase classname="tests.backend_test" name="test_admin_edit_user_password_reset_login" time="0.597" /><testcase classname="tests.backend_test" name="test_admin_edit_user_short_password_400" time="0.066" /><testcase classname="tests.backend_test" name="test_admin_edit_user_role_change" time="0.074" /><testcase classname="tests.backend_test" name="test_admin_edit_user_invalid_role_400" time="0.090" /><testcase classname="tests.backend_test" name="test_admin_cannot_change_admin_role" time="1.193" /><testcase classname="tests.backend_test" name="test_non_admin_cannot_edit_user" time="0.071" /><testcase classname="tests.backend_test" name="test_zz_delete_edited_user" time="0.073" /><testcase classname="tests.backend_test" name="test_create_form_with_recipient_email_unconfigured" time="0.277" /><testcase classname="tests.backend_test" name="test_create_form_auto_recipient_from_patient_email" time="0.228" /><testcase classname="tests.backend_test" name="test_create_form_without_recipient_no_email_flag" time="0.074" /><testcase classname="tests.backend_test" name="test_create_form_client_link_base_ignored" time="0.292" /><testcase classname="tests.backend_test" name="test_forms_roles_gating_non_forms_role_blocked" time="0.516" /><testcase classname="tests.backend_test" name="test_forms_upload_requires_auth_401" time="0.073" /><testcase classname="tests.backend_test" name="test_forms_create_requires_auth_401" time="0.074" /><testcase classname="tests.backend_test" name="test_forms_status_requires_auth_401" time="0.076" /><testcase classname="tests.backend_test" name="test_note_with_signature_stores_signed_by" time="0.170" /><testcase classname="tests.backend_test" name="test_note_without_signature_still_saves" time="0.070" /><testcase classname="tests.backend_test" name="test_note_signature_too_large_400" time="0.104" /><testcase classname="tests.backend_test" name="test_consent_form_has_signature_field" time="0.144" /><testcase classname="tests.backend_test" name="test_public_submit_consent_with_signature" time="0.303" /><testcase classname="tests.backend_test" name="test_public_submit_signature_too_large_400" time="0.421" /><testcase classname="tests.backend_test" name="test_users_list_non_admin_minimal_fields" time="0.371" /><testcase classname="tests.backend_test" name="test_users_list_admin_full_fields" time="0.083" /><testcase classname="tests.backend_test" name="test_send_email_header_sanitization_no_crash" time="0.363" /><testcase classname="tests.backend_test" name="test_messaging_recipient_dropdown_non_admin" time="0.153" /><testcase classname="tests.backend_test" name="test_all_templates_have_required_signature_field[Intake]" time="0.491" /><testcase classname="tests.backend_test" name="test_all_templates_have_required_signature_field[Consent]" time="0.450" /><testcase classname="tests.backend_test" name="test_all_templates_have_required_signature_field[Medical History]" time="0.455" /><testcase classname="tests.backend_test" name="test_all_templates_have_required_signature_field[Insurance]" time="0.467" /><testcase classname="tests.backend_test" name="test_all_templates_have_required_signature_field[Referral]" time="0.457" /><testcase classname="tests.backend_test" name="test_create_soap_note_builds_content" time="0.218" /><testcase classname="tests.backend_test" name="test_create_free_text_note_original_behavior_preserved" time="2.210" /><testcase classname="tests.backend_test" name="test_create_soap_note_empty_fields_returns_400" time="2.256" /><testcase classname="tests.backend_test" name="test_create_free_note_empty_content_returns_400" time="0.141" /><testcase classname="tests.backend_test" name="test_soap_note_with_signature_signed_by" time="0.143" /><testcase classname="tests.backend_test" name="test_summarize_soap_combined_content" time="1.535" /><testcase classname="tests.backend_test" name="test_biller_still_cannot_create_soap_note" time="0.154" /><testcase classname="tests.backend_test" name="test_public_settings_no_auth" time="0.072" /><testcase classname="tests.backend_test" name="test_settings_authed_any_role" time="0.265" /><testcase classname="tests.backend_test" name="test_settings_put_admin_ok_and_persists" time="0.206" /><testcase classname="tests.backend_test" name="test_settings_put_forbidden_for_doctor" time="0.067" /><testcase classname="tests.backend_test" name="test_settings_put_forbidden_for_receptionist" time="0.077" /><testcase classname="tests.backend_test" name="test_settings_put_no_auth_401" time="0.070" /><testcase classname="tests.backend_test" name="test_settings_logo_too_large_400" time="0.114" /><testcase classname="tests.backend_test" name="test_settings_missing_clinic_name_422" time="0.092" /><testcase classname="tests.backend_test" name="test_daily_note_persists_all_fields" time="0.349" /><testcase classname="tests.backend_test" name="test_daily_note_empty_content_rejected" time="0.221" /><testcase classname="tests.backend_test" name="test_invoice_next_number_format" time="0.068" /><testcase classname="tests.backend_test" name="test_invoice_next_number_increments_after_create" time="0.367" /><testcase classname="tests.backend_test" name="test_invoice_total_computes_quantity_times_amount" time="0.220" /><testcase classname="tests.backend_test" name="test_invoice_status_invalid_rejected" time="0.373" /></testsuite></testsuites>