<?xml version="1.0" encoding="utf-8"?><testsuites name="pytest tests"><testsuite name="pytest" errors="0" failures="0" skipped="1" tests="13" time="5.119" timestamp="2026-07-20T04:31:30.406622+00:00" hostname="agent-env-275b90fe-7c89-44f2-bb67-165d0c54e5f0"><testcase classname="tests.test_iteration_34_claims" name="test_get_packet" time="1.136" /><testcase classname="tests.test_iteration_34_claims" name="test_rename_item" time="0.083" /><testcase classname="tests.test_iteration_34_claims" name="test_rename_item_empty" time="0.073" /><testcase classname="tests.test_iteration_34_claims" name="test_rename_unknown" time="0.092" /><testcase classname="tests.test_iteration_34_claims" name="test_reorder" time="0.000"><skipped type="pytest.skip" message="need 2+ items">/app/backend/tests/test_iteration_34_claims.py:78: need 2+ items</skipped></testcase><testcase classname="tests.test_iteration_34_claims" name="test_download_item" time="0.341" /><testcase classname="tests.test_iteration_34_claims" name="test_item_to_folder" time="0.692" /><testcase classname="tests.test_iteration_34_claims" name="test_merged_marks_complete" time="0.475" /><testcase classname="tests.test_iteration_34_claims" name="test_send_email_wiring" time="1.317" /><testcase classname="tests.test_iteration_34_claims" name="test_send_email_missing_recipient" time="0.079" /><testcase classname="tests.test_iteration_34_claims" name="test_delete_item" time="0.221" /><testcase classname="tests.test_iteration_34_claims" name="test_status_complete_valid_in_update" time="0.102" /><testcase classname="tests.test_iteration_34_claims" name="test_rbac_unauth" time="0.183" /></testsuite></testsuites>