<?xml version="1.0" encoding="utf-8"?><testsuites name="pytest tests"><testsuite name="pytest" errors="0" failures="0" skipped="0" tests="10" time="3.074" timestamp="2026-07-13T03:48:11.980711+00:00" hostname="agent-env-275b90fe-7c89-44f2-bb67-165d0c54e5f0"><testcase classname="tests.test_iter20_invites" name="test_list_invites_admin_ok" time="0.532" /><testcase classname="tests.test_iter20_invites" name="test_list_invites_non_admin_403" time="0.474" /><testcase classname="tests.test_iter20_invites" name="test_full_invite_lifecycle" time="0.959" /><testcase classname="tests.test_iter20_invites" name="test_create_invite_admin_role_rejected" time="0.092" /><testcase classname="tests.test_iter20_invites" name="test_create_invite_existing_email_rejected" time="0.067" /><testcase classname="tests.test_iter20_invites" name="test_create_invite_non_admin_forbidden" time="0.067" /><testcase classname="tests.test_iter20_invites" name="test_public_get_invite_bad_token_404" time="0.071" /><testcase classname="tests.test_iter20_invites" name="test_delete_invite_admin" time="0.239" /><testcase classname="tests.test_iter20_invites" name="test_delete_invite_non_admin_forbidden" time="0.140" /><testcase classname="tests.test_iter20_invites" name="test_zzz_cleanup" time="0.367" /></testsuite></testsuites>