<?xml version="1.0" encoding="utf-8"?><testsuites name="pytest tests"><testsuite name="pytest" errors="0" failures="0" skipped="0" tests="11" time="4.909" timestamp="2026-07-13T04:12:10.354445+00:00" hostname="agent-env-275b90fe-7c89-44f2-bb67-165d0c54e5f0"><testcase classname="tests.test_assistant.TestAssistantTabAccess" name="test_doctor_has_assistant_tab" time="0.548" /><testcase classname="tests.test_assistant.TestAssistantTabAccess" name="test_admin_has_assistant_tab" time="0.357" /><testcase classname="tests.test_assistant.TestAssistantTabAccess" name="test_biller_no_assistant_tab" time="0.381" /><testcase classname="tests.test_assistant.TestConversationCRUD" name="test_create_conversation" time="0.074" /><testcase classname="tests.test_assistant.TestConversationCRUD" name="test_list_conversations" time="0.076" /><testcase classname="tests.test_assistant.TestConversationCRUD" name="test_delete_conversation" time="0.214" /><testcase classname="tests.test_assistant.TestMessageValidation" name="test_empty_content_400" time="0.149" /><testcase classname="tests.test_assistant.TestMessageValidation" name="test_too_long_400" time="0.138" /><testcase classname="tests.test_assistant.TestMultiTurn" name="test_multiturn_context" time="2.184" /><testcase classname="tests.test_assistant.TestOwnership" name="test_biller_cannot_access_doctor_conversation" time="0.351" /><testcase classname="tests.test_assistant" name="test_zzz_cleanup" time="0.369" /></testsuite></testsuites>