<?xml version="1.0" encoding="utf-8"?><testsuites name="pytest tests"><testsuite name="pytest" errors="0" failures="0" skipped="0" tests="17" time="9.655" timestamp="2026-07-13T10:39:45.761393+00:00" hostname="agent-env-275b90fe-7c89-44f2-bb67-165d0c54e5f0"><testcase classname="tests.test_admin_login_access.TestLoginRegression" name="test_demo_accounts_login[acc0]" time="0.598" /><testcase classname="tests.test_admin_login_access.TestForcedPasswordChange" name="test_register_with_require_change" time="1.658" /><testcase classname="tests.test_admin_login_access.TestLoginRegression" name="test_demo_accounts_login[acc1]" time="0.301" /><testcase classname="tests.test_admin_login_access.TestLoginRegression" name="test_demo_accounts_login[acc2]" time="0.506" /><testcase classname="tests.test_admin_login_access.TestLoginRegression" name="test_demo_accounts_login[acc3]" time="0.511" /><testcase classname="tests.test_admin_login_access.TestForcedPasswordChange" name="test_change_password_wrong_current" time="1.535" /><testcase classname="tests.test_admin_login_access.TestLoginRegression" name="test_demo_accounts_login[acc4]" time="0.505" /><testcase classname="tests.test_admin_login_access.TestLoginRegression" name="test_demo_accounts_login[acc5]" time="0.505" /><testcase classname="tests.test_admin_login_access.TestLoginRegression" name="test_token_without_tv_claim_accepted" time="0.854" /><testcase classname="tests.test_admin_login_access.TestForcedPasswordChange" name="test_change_password_success_invalidates_old_token" time="2.412" /><testcase classname="tests.test_admin_login_access.TestAdminResetPassword" name="test_reset_invalidates_old_pw_and_old_session" time="3.446" /><testcase classname="tests.test_admin_login_access.TestRBAC" name="test_non_admin_cannot_reset_password" time="1.053" /><testcase classname="tests.test_admin_login_access.TestRBAC" name="test_non_admin_cannot_force_logout" time="0.565" /><testcase classname="tests.test_admin_login_access.TestRBAC" name="test_change_password_requires_auth" time="1.231" /><testcase classname="tests.test_admin_login_access.TestAdminResetPassword" name="test_admin_cannot_reset_own_password" time="0.150" /><testcase classname="tests.test_admin_login_access.TestForceLogout" name="test_force_logout_invalidates_token" time="1.151" /><testcase classname="tests.test_admin_login_access.TestForceLogout" name="test_admin_cannot_force_logout_self" time="0.631" /></testsuite></testsuites>