<?xml version="1.0" encoding="utf-8"?><testsuites name="pytest tests"><testsuite name="pytest" errors="0" failures="0" skipped="0" tests="10" time="3.744" timestamp="2026-07-15T18:01:11.486426+00:00" hostname="agent-env-275b90fe-7c89-44f2-bb67-165d0c54e5f0"><testcase classname="tests.test_iteration_33" name="test_create_form_empty_recipient_email" time="0.677" /><testcase classname="tests.test_iteration_33" name="test_update_form_fields_and_responses" time="0.375" /><testcase classname="tests.test_iteration_33" name="test_update_form_invalid_status" time="0.158" /><testcase classname="tests.test_iteration_33" name="test_update_form_not_found" time="0.053" /><testcase classname="tests.test_iteration_33" name="test_send_email_not_configured" time="0.140" /><testcase classname="tests.test_iteration_33" name="test_send_email_invalid_email" time="0.157" /><testcase classname="tests.test_iteration_33" name="test_to_folder_field_form_generates_pdf" time="0.972" /><testcase classname="tests.test_iteration_33" name="test_to_folder_attachment_form" time="0.607" /><testcase classname="tests.test_iteration_33" name="test_to_folder_invalid_patient" time="0.141" /><testcase classname="tests.test_iteration_33" name="test_rbac_unauthenticated_blocked" time="0.145" /></testsuite></testsuites>