<?xml version="1.0" encoding="utf-8"?><testsuites name="pytest tests"><testsuite name="pytest" errors="0" failures="0" skipped="0" tests="15" time="7.227" timestamp="2026-07-13T11:53:44.087275+00:00" hostname="agent-env-275b90fe-7c89-44f2-bb67-165d0c54e5f0"><testcase classname="tests.test_iteration_24.TestAuthRefactor" name="test_me" time="3.485" /><testcase classname="tests.test_iteration_24.TestAccountState" name="test_admin_login_success" time="3.198" /><testcase classname="tests.test_iteration_24.TestAccountState" name="test_old_admin_erased" time="0.203" /><testcase classname="tests.test_iteration_24.TestAccountState" name="test_demo_doctor_erased" time="0.084" /><testcase classname="tests.test_iteration_24.TestAuthRefactor" name="test_users_list" time="0.109" /><testcase classname="tests.test_iteration_24.TestProjectionFix" name="test_appointment_patient_name_resolves" time="0.261" /><testcase classname="tests.test_iteration_24.TestAuthRefactor" name="test_role_templates" time="0.087" /><testcase classname="tests.test_iteration_24.TestAuthRefactor" name="test_meta_tabs" time="0.077" /><testcase classname="tests.test_iteration_24.TestProjectionFix" name="test_invoice_patient_name_resolves" time="0.490" /><testcase classname="tests.test_iteration_24.TestAuthRefactor" name="test_put_role_template" time="0.162" /><testcase classname="tests.test_iteration_24.TestAuthRefactor" name="test_non_admin_403" time="1.013" /><testcase classname="tests.test_iteration_24.TestProjectionFix" name="test_billing_csv_export" time="0.300" /><testcase classname="tests.test_iteration_24.TestNoteDelete" name="test_delete_note_by_admin" time="1.233" /><testcase classname="tests.test_iteration_24.TestAuthRefactor" name="test_user_updates" time="1.243" /><testcase classname="tests.test_iteration_24" name="test_zzz_cleanup" time="0.488" /></testsuite></testsuites>