<?xml version="1.0" encoding="utf-8"?><testsuites name="pytest tests"><testsuite name="pytest" errors="0" failures="0" skipped="0" tests="10" time="2.728" timestamp="2026-07-13T13:08:27.179014+00:00" hostname="agent-env-275b90fe-7c89-44f2-bb67-165d0c54e5f0"><testcase classname="tests.test_iteration_25.TestBulkDelete" name="test_appts_bulk_delete" time="1.129" /><testcase classname="tests.test_iteration_25.TestAppointmentTypes" name="test_create_telehealth_and_inperson" time="0.782" /><testcase classname="tests.test_iteration_25.TestAppointmentTypes" name="test_filter_by_type_and_patient" time="0.032" /><testcase classname="tests.test_iteration_25.TestAppointmentTypes" name="test_filter_by_provider" time="0.051" /><testcase classname="tests.test_iteration_25.TestBulkDelete" name="test_appts_single_delete" time="0.153" /><testcase classname="tests.test_iteration_25.TestBulkDelete" name="test_notes_bulk_delete" time="0.338" /><testcase classname="tests.test_iteration_25.TestRBAC" name="test_staff_cannot_delete_admin_appointment" time="0.961" /><testcase classname="tests.test_iteration_25.TestBulkDelete" name="test_forms_bulk_delete" time="0.167" /><testcase classname="tests.test_iteration_25.TestBulkDelete" name="test_messages_bulk_delete" time="0.222" /><testcase classname="tests.test_iteration_25.TestBulkDelete" name="test_assistant_bulk_delete" time="0.240" /></testsuite></testsuites>