<?xml version="1.0" encoding="utf-8"?><testsuites name="pytest tests"><testsuite name="pytest" errors="0" failures="0" skipped="0" tests="18" time="4.155" timestamp="2026-07-15T17:30:32.969076+00:00" hostname="agent-env-275b90fe-7c89-44f2-bb67-165d0c54e5f0"><testcase classname="tests.test_patient_folders.TestListing" name="test_list_patient_folders" time="0.368" /><testcase classname="tests.test_patient_folders.TestListing" name="test_get_patient_folder" time="0.153" /><testcase classname="tests.test_patient_folders.TestListing" name="test_get_patient_folder_404" time="0.074" /><testcase classname="tests.test_patient_folders.TestListing" name="test_options_forms" time="0.038" /><testcase classname="tests.test_patient_folders.TestSubfolders" name="test_create_and_rename_subfolder" time="0.142" /><testcase classname="tests.test_patient_folders.TestSubfolders" name="test_create_subfolder_empty_name_400" time="0.034" /><testcase classname="tests.test_patient_folders.TestSubfolders" name="test_create_subfolder_bad_patient_404" time="0.077" /><testcase classname="tests.test_patient_folders.TestItems" name="test_upload_into_subfolder" time="0.632" /><testcase classname="tests.test_patient_folders.TestItems" name="test_upload_bad_extension" time="0.083" /><testcase classname="tests.test_patient_folders.TestItems" name="test_edit_item" time="0.079" /><testcase classname="tests.test_patient_folders.TestItems" name="test_download_item" time="0.310" /><testcase classname="tests.test_patient_folders.TestItems" name="test_move_within_same_patient_to_root" time="0.042" /><testcase classname="tests.test_patient_folders.TestItems" name="test_move_to_different_patient" time="0.192" /><testcase classname="tests.test_patient_folders.TestItems" name="test_move_target_folder_not_found" time="0.036" /><testcase classname="tests.test_patient_folders.TestItems" name="test_bulk_delete" time="0.601" /><testcase classname="tests.test_patient_folders.TestItems" name="test_delete_single_item" time="0.182" /><testcase classname="tests.test_patient_folders.TestSubfolderDelete" name="test_delete_subfolder_moves_items_to_root" time="0.592" /><testcase classname="tests.test_patient_folders.TestAuthz" name="test_unauthenticated_denied" time="0.464" /></testsuite></testsuites>