<?xml version="1.0" encoding="utf-8"?><testsuites name="pytest tests"><testsuite name="pytest" errors="0" failures="0" skipped="0" tests="30" time="7.853" timestamp="2026-07-12T15:23:46.208823+00:00" hostname="agent-env-275b90fe-7c89-44f2-bb67-165d0c54e5f0"><testcase classname="tests.backend_test" name="test_login_all_roles[doctor]" time="0.395" /><testcase classname="tests.backend_test" name="test_login_all_roles[nurse]" time="0.307" /><testcase classname="tests.backend_test" name="test_login_all_roles[receptionist]" time="0.295" /><testcase classname="tests.backend_test" name="test_login_all_roles[biller]" time="0.299" /><testcase classname="tests.backend_test" name="test_login_all_roles[admin]" time="0.351" /><testcase classname="tests.backend_test" name="test_login_invalid" time="0.074" /><testcase classname="tests.backend_test" name="test_auth_me" time="0.427" /><testcase classname="tests.backend_test" name="test_auth_me_no_token" time="0.088" /><testcase classname="tests.backend_test" name="test_create_patient_receptionist" time="0.369" /><testcase classname="tests.backend_test" name="test_list_patients" time="0.074" /><testcase classname="tests.backend_test" name="test_search_patients" time="0.083" /><testcase classname="tests.backend_test" name="test_update_patient" time="0.082" /><testcase classname="tests.backend_test" name="test_biller_cannot_create_patient" time="0.422" /><testcase classname="tests.backend_test" name="test_create_appointment" time="0.111" /><testcase classname="tests.backend_test" name="test_list_appointments_has_patient_name" time="0.081" /><testcase classname="tests.backend_test" name="test_create_note_doctor" time="0.148" /><testcase classname="tests.backend_test" name="test_receptionist_cannot_create_note" time="0.086" /><testcase classname="tests.backend_test" name="test_summarize_note_expected_500" time="1.804" /><testcase classname="tests.backend_test" name="test_cpt_codes" time="0.122" /><testcase classname="tests.backend_test" name="test_create_invoice_biller" time="0.111" /><testcase classname="tests.backend_test" name="test_mark_invoice_paid" time="0.097" /><testcase classname="tests.backend_test" name="test_create_form" time="0.102" /><testcase classname="tests.backend_test" name="test_list_forms_has_patient_name" time="0.074" /><testcase classname="tests.backend_test" name="test_mark_form_received" time="0.156" /><testcase classname="tests.backend_test" name="test_send_message" time="0.392" /><testcase classname="tests.backend_test" name="test_recipient_inbox" time="0.078" /><testcase classname="tests.backend_test" name="test_mark_message_read" time="0.089" /><testcase classname="tests.backend_test" name="test_stats" time="0.382" /><testcase classname="tests.backend_test" name="test_zz_delete_patient" time="0.158" /><testcase classname="tests.backend_test" name="test_zz_delete_appointment" time="0.085" /></testsuite></testsuites>